# JRE version: OpenJDK Runtime Environment (11.0.15) (build 11.0.15+0-b2043.56-9505619)
# Java VM: OpenJDK 64-Bit Server VM (11.0.15+0-b2043.56-9505619, mixed mode, tiered, compressed oops, g1 gc, windows-amd64)
Heap:
 garbage-first heap   total 262144K, used 203530K [0x00000000e0000000, 0x0000000100000000)
  region size 1024K, 117 young (119808K), 10 survivors (10240K)
 Metaspace       used 95097K, capacity 97823K, committed 98076K, reserved 339968K
  class space    used 12339K, capacity 13338K, committed 13440K, reserved 253952K
GC Heap History (20 events):
Event: 1.699 GC heap before
{Heap before GC invocations=1 (full 0):
 garbage-first heap   total 262144K, used 109644K [0x00000000e0000000, 0x0000000100000000)
  region size 1024K, 101 young (103424K), 3 survivors (3072K)
 Metaspace       used 20761K, capacity 21191K, committed 21296K, reserved 274432K
  class space    used 2522K, capacity 2685K, committed 2688K, reserved 253952K
}
Event: 1.709 GC heap after
{Heap after GC invocations=2 (full 0):
 garbage-first heap   total 262144K, used 17508K [0x00000000e0000000, 0x0000000100000000)
  region size 1024K, 12 young (12288K), 12 survivors (12288K)
 Metaspace       used 20761K, capacity 21191K, committed 21296K, reserved 274432K
  class space    used 2522K, capacity 2685K, committed 2688K, reserved 253952K
}
Event: 1.913 GC heap before
{Heap before GC invocations=3 (full 0):
 garbage-first heap   total 262144K, used 43108K [0x00000000e0000000, 0x0000000100000000)
  region size 1024K, 38 young (38912K), 12 survivors (12288K)
 Metaspace       used 23389K, capacity 23885K, committed 24112K, reserved 276480K
  class space    used 2948K, capacity 3141K, committed 3200K, reserved 253952K
}
Event: 1.918 GC heap after
{Heap after GC invocations=4 (full 0):
 garbage-first heap   total 262144K, used 18264K [0x00000000e0000000, 0x0000000100000000)
  region size 1024K, 2 young (2048K), 2 survivors (2048K)
 Metaspace       used 23389K, capacity 23885K, committed 24112K, reserved 276480K
  class space    used 2948K, capacity 3141K, committed 3200K, reserved 253952K
}
Event: 2.809 GC heap before
{Heap before GC invocations=4 (full 0):
 garbage-first heap   total 262144K, used 116568K [0x00000000e0000000, 0x0000000100000000)
  region size 1024K, 99 young (101376K), 2 survivors (2048K)
 Metaspace       used 34916K, capacity 35733K, committed 35888K, reserved 286720K
  class space    used 4557K, capacity 4889K, committed 4992K, reserved 253952K
}
Event: 2.818 GC heap after
{Heap after GC invocations=5 (full 0):
 garbage-first heap   total 262144K, used 22394K [0x00000000e0000000, 0x0000000100000000)
  region size 1024K, 6 young (6144K), 6 survivors (6144K)
 Metaspace       used 34916K, capacity 35733K, committed 35888K, reserved 286720K
  class space    used 4557K, capacity 4889K, committed 4992K, reserved 253952K
}
Event: 3.840 GC heap before
{Heap before GC invocations=6 (full 0):
 garbage-first heap   total 262144K, used 157562K [0x00000000e0000000, 0x0000000100000000)
  region size 1024K, 135 young (138240K), 6 survivors (6144K)
 Metaspace       used 46288K, capacity 47475K, committed 47792K, reserved 296960K
  class space    used 5894K, capacity 6316K, committed 6400K, reserved 253952K
}
Event: 3.850 GC heap after
{Heap after GC invocations=7 (full 0):
 garbage-first heap   total 262144K, used 30920K [0x00000000e0000000, 0x0000000100000000)
  region size 1024K, 14 young (14336K), 14 survivors (14336K)
 Metaspace       used 46288K, capacity 47475K, committed 47792K, reserved 296960K
  class space    used 5894K, capacity 6316K, committed 6400K, reserved 253952K
}
Event: 4.946 GC heap before
{Heap before GC invocations=7 (full 0):
 garbage-first heap   total 262144K, used 181448K [0x00000000e0000000, 0x0000000100000000)
  region size 1024K, 153 young (156672K), 14 survivors (14336K)
 Metaspace       used 56116K, capacity 57681K, committed 57776K, reserved 305152K
  class space    used 7097K, capacity 7653K, committed 7680K, reserved 253952K
}
Event: 4.961 GC heap after
{Heap after GC invocations=8 (full 0):
 garbage-first heap   total 262144K, used 49204K [0x00000000e0000000, 0x0000000100000000)
  region size 1024K, 20 young (20480K), 20 survivors (20480K)
 Metaspace       used 56116K, capacity 57681K, committed 57776K, reserved 305152K
  class space    used 7097K, capacity 7653K, committed 7680K, reserved 253952K
}
Event: 5.189 GC heap before
{Heap before GC invocations=8 (full 0):
 garbage-first heap   total 262144K, used 64564K [0x00000000e0000000, 0x0000000100000000)
  region size 1024K, 36 young (36864K), 20 survivors (20480K)
 Metaspace       used 58323K, capacity 59958K, committed 60208K, reserved 307200K
  class space    used 7423K, capacity 8033K, committed 8064K, reserved 253952K
}
Event: 5.203 GC heap after
{Heap after GC invocations=9 (full 0):
 garbage-first heap   total 262144K, used 51747K [0x00000000e0000000, 0x0000000100000000)
  region size 1024K, 3 young (3072K), 3 survivors (3072K)
 Metaspace       used 58323K, capacity 59958K, committed 60208K, reserved 307200K
  class space    used 7423K, capacity 8033K, committed 8064K, reserved 253952K
}
Event: 6.525 GC heap before
{Heap before GC invocations=10 (full 0):
 garbage-first heap   total 262144K, used 196131K [0x00000000e0000000, 0x0000000100000000)
  region size 1024K, 137 young (140288K), 3 survivors (3072K)
 Metaspace       used 67462K, capacity 69332K, committed 69404K, reserved 315392K
  class space    used 8582K, capacity 9278K, committed 9344K, reserved 253952K
}
Event: 6.533 GC heap after
{Heap after GC invocations=11 (full 0):
 garbage-first heap   total 262144K, used 59945K [0x00000000e0000000, 0x0000000100000000)
  region size 1024K, 11 young (11264K), 11 survivors (11264K)
 Metaspace       used 67462K, capacity 69332K, committed 69404K, reserved 315392K
  class space    used 8582K, capacity 9278K, committed 9344K, reserved 253952K
}
Event: 7.949 GC heap before
{Heap before GC invocations=11 (full 0):
 garbage-first heap   total 262144K, used 195113K [0x00000000e0000000, 0x0000000100000000)
  region size 1024K, 143 young (146432K), 11 survivors (11264K)
 Metaspace       used 77315K, capacity 79356K, committed 79644K, reserved 323584K
  class space    used 10055K, capacity 10813K, committed 10880K, reserved 253952K
}
Event: 7.962 GC heap after
{Heap after GC invocations=12 (full 0):
 garbage-first heap   total 262144K, used 71822K [0x00000000e0000000, 0x0000000100000000)
  region size 1024K, 12 young (12288K), 12 survivors (12288K)
 Metaspace       used 77315K, capacity 79356K, committed 79644K, reserved 323584K
  class space    used 10055K, capacity 10813K, committed 10880K, reserved 253952K
}
Event: 9.078 GC heap before
{Heap before GC invocations=12 (full 0):
 garbage-first heap   total 262144K, used 198798K [0x00000000e0000000, 0x0000000100000000)
  region size 1024K, 136 young (139264K), 12 survivors (12288K)
 Metaspace       used 84811K, capacity 87056K, committed 87324K, reserved 329728K
  class space    used 11013K, capacity 11850K, committed 11904K, reserved 253952K
}
Event: 9.092 GC heap after
{Heap after GC invocations=13 (full 0):
 garbage-first heap   total 262144K, used 85835K [0x00000000e0000000, 0x0000000100000000)
  region size 1024K, 14 young (14336K), 14 survivors (14336K)
 Metaspace       used 84811K, capacity 87056K, committed 87324K, reserved 329728K
  class space    used 11013K, capacity 11850K, committed 11904K, reserved 253952K
}
Event: 10.050 GC heap before
{Heap before GC invocations=13 (full 0):
 garbage-first heap   total 262144K, used 201547K [0x00000000e0000000, 0x0000000100000000)
  region size 1024K, 128 young (131072K), 14 survivors (14336K)
 Metaspace       used 87766K, capacity 90448K, committed 90780K, reserved 333824K
  class space    used 11483K, capacity 12456K, committed 12544K, reserved 253952K
}
Event: 10.067 GC heap after
{Heap after GC invocations=14 (full 0):
 garbage-first heap   total 262144K, used 96010K [0x00000000e0000000, 0x0000000100000000)
  region size 1024K, 10 young (10240K), 10 survivors (10240K)
 Metaspace       used 87766K, capacity 90448K, committed 90780K, reserved 333824K
  class space    used 11483K, capacity 12456K, committed 12544K, reserved 253952K
}

